::1 - - [04/Jun/2022:10:04:43 +0000] "GET / HTTP/1.1" 200 2133 "http://localhost:8000/users/profile/629b0d682a13c46e68c10c75" "Mozilla/5.0 (Windows NT 10.0; Win64; x64) AppleWebKit/537.36 (KHTML, like Gecko) Chrome/102.0.5005.63 Safari/537.36"
::1 - - [04/Jun/2022:10:05:12 +0000] "GET /users/sign-in HTTP/1.1" 304 - "http://localhost:8000/" "Mozilla/5.0 (Windows NT 10.0; Win64; x64) AppleWebKit/537.36 (KHTML, like Gecko) Chrome/102.0.5005.63 Safari/537.36"
::1 - - [04/Jun/2022:10:05:20 +0000] "POST /users/create-session HTTP/1.1" 302 46 "http://localhost:8000/users/sign-in" "Mozilla/5.0 (Windows NT 10.0; Win64; x64) AppleWebKit/537.36 (KHTML, like Gecko) Chrome/102.0.5005.63 Safari/537.36"
::1 - - [04/Jun/2022:10:05:20 +0000] "GET / HTTP/1.1" 200 9425 "http://localhost:8000/users/sign-in" "Mozilla/5.0 (Windows NT 10.0; Win64; x64) AppleWebKit/537.36 (KHTML, like Gecko) Chrome/102.0.5005.63 Safari/537.36"
::1 - - [04/Jun/2022:11:54:04 +0000] "GET / HTTP/1.1" 200 2133 "http://localhost:8000/users/sign-in" "Mozilla/5.0 (Windows NT 10.0; Win64; x64) AppleWebKit/537.36 (KHTML, like Gecko) Chrome/102.0.5005.63 Safari/537.36"
::1 - - [04/Jun/2022:11:54:07 +0000] "GET /users/sign-in HTTP/1.1" 304 - "http://localhost:8000/" "Mozilla/5.0 (Windows NT 10.0; Win64; x64) AppleWebKit/537.36 (KHTML, like Gecko) Chrome/102.0.5005.63 Safari/537.36"
::1 - - [04/Jun/2022:11:54:16 +0000] "POST /users/create-session HTTP/1.1" 302 72 "http://localhost:8000/users/sign-in" "Mozilla/5.0 (Windows NT 10.0; Win64; x64) AppleWebKit/537.36 (KHTML, like Gecko) Chrome/102.0.5005.63 Safari/537.36"
::1 - - [04/Jun/2022:11:54:16 +0000] "GET /users/sign-in HTTP/1.1" 200 2521 "http://localhost:8000/users/sign-in" "Mozilla/5.0 (Windows NT 10.0; Win64; x64) AppleWebKit/537.36 (KHTML, like Gecko) Chrome/102.0.5005.63 Safari/537.36"
::1 - - [04/Jun/2022:11:54:31 +0000] "POST /users/create-session HTTP/1.1" 302 72 "http://localhost:8000/users/sign-in" "Mozilla/5.0 (Windows NT 10.0; Win64; x64) AppleWebKit/537.36 (KHTML, like Gecko) Chrome/102.0.5005.63 Safari/537.36"
::1 - - [04/Jun/2022:11:54:31 +0000] "GET /users/sign-in HTTP/1.1" 304 - "http://localhost:8000/users/sign-in" "Mozilla/5.0 (Windows NT 10.0; Win64; x64) AppleWebKit/537.36 (KHTML, like Gecko) Chrome/102.0.5005.63 Safari/537.36"
::1 - - [04/Jun/2022:11:54:39 +0000] "POST /users/create-session HTTP/1.1" 302 46 "http://localhost:8000/users/sign-in" "Mozilla/5.0 (Windows NT 10.0; Win64; x64) AppleWebKit/537.36 (KHTML, like Gecko) Chrome/102.0.5005.63 Safari/537.36"
::1 - - [04/Jun/2022:11:54:39 +0000] "GET / HTTP/1.1" 200 9425 "http://localhost:8000/users/sign-in" "Mozilla/5.0 (Windows NT 10.0; Win64; x64) AppleWebKit/537.36 (KHTML, like Gecko) Chrome/102.0.5005.63 Safari/537.36"
::1 - - [04/Jun/2022:11:56:42 +0000] "GET / HTTP/1.1" 200 9158 "http://localhost:8000/users/sign-in" "Mozilla/5.0 (Windows NT 10.0; Win64; x64) AppleWebKit/537.36 (KHTML, like Gecko) Chrome/102.0.5005.63 Safari/537.36"
::1 - - [04/Jun/2022:11:56:45 +0000] "GET / HTTP/1.1" 304 - "http://localhost:8000/users/sign-in" "Mozilla/5.0 (Windows NT 10.0; Win64; x64) AppleWebKit/537.36 (KHTML, like Gecko) Chrome/102.0.5005.63 Safari/537.36"
::1 - - [04/Jun/2022:12:16:00 +0000] "GET / HTTP/1.1" 500 2118 "http://localhost:8000/users/sign-in" "Mozilla/5.0 (Windows NT 10.0; Win64; x64) AppleWebKit/537.36 (KHTML, like Gecko) Chrome/102.0.5005.63 Safari/537.36"
::1 - - [04/Jun/2022:12:16:40 +0000] "GET / HTTP/1.1" 200 9168 "http://localhost:8000/users/sign-in" "Mozilla/5.0 (Windows NT 10.0; Win64; x64) AppleWebKit/537.36 (KHTML, like Gecko) Chrome/102.0.5005.63 Safari/537.36"
::1 - - [04/Jun/2022:12:16:40 +0000] "GET /css/layout-f5f14c3c9e.css HTTP/1.1" 404 164 "http://localhost:8000/" "Mozilla/5.0 (Windows NT 10.0; Win64; x64) AppleWebKit/537.36 (KHTML, like Gecko) Chrome/102.0.5005.63 Safari/537.36"
::1 - - [04/Jun/2022:12:16:45 +0000] "GET / HTTP/1.1" 304 - "http://localhost:8000/users/sign-in" "Mozilla/5.0 (Windows NT 10.0; Win64; x64) AppleWebKit/537.36 (KHTML, like Gecko) Chrome/102.0.5005.63 Safari/537.36"
::1 - - [04/Jun/2022:12:16:45 +0000] "GET /css/layout-f5f14c3c9e.css HTTP/1.1" 404 164 "http://localhost:8000/" "Mozilla/5.0 (Windows NT 10.0; Win64; x64) AppleWebKit/537.36 (KHTML, like Gecko) Chrome/102.0.5005.63 Safari/537.36"
::1 - - [04/Jun/2022:12:17:05 +0000] "GET / HTTP/1.1" 304 - "http://localhost:8000/users/sign-in" "Mozilla/5.0 (Windows NT 10.0; Win64; x64) AppleWebKit/537.36 (KHTML, like Gecko) Chrome/102.0.5005.63 Safari/537.36"
::1 - - [04/Jun/2022:12:17:05 +0000] "GET /css/layout-f5f14c3c9e.css HTTP/1.1" 404 164 "http://localhost:8000/" "Mozilla/5.0 (Windows NT 10.0; Win64; x64) AppleWebKit/537.36 (KHTML, like Gecko) Chrome/102.0.5005.63 Safari/537.36"
::1 - - [04/Jun/2022:12:17:08 +0000] "GET / HTTP/1.1" 304 - "http://localhost:8000/users/sign-in" "Mozilla/5.0 (Windows NT 10.0; Win64; x64) AppleWebKit/537.36 (KHTML, like Gecko) Chrome/102.0.5005.63 Safari/537.36"
::1 - - [04/Jun/2022:12:17:08 +0000] "GET /css/layout-f5f14c3c9e.css HTTP/1.1" 404 164 "http://localhost:8000/" "Mozilla/5.0 (Windows NT 10.0; Win64; x64) AppleWebKit/537.36 (KHTML, like Gecko) Chrome/102.0.5005.63 Safari/537.36"
::1 - - [04/Jun/2022:12:17:09 +0000] "GET / HTTP/1.1" 304 - "http://localhost:8000/users/sign-in" "Mozilla/5.0 (Windows NT 10.0; Win64; x64) AppleWebKit/537.36 (KHTML, like Gecko) Chrome/102.0.5005.63 Safari/537.36"
::1 - - [04/Jun/2022:12:17:09 +0000] "GET /css/layout-f5f14c3c9e.css HTTP/1.1" 404 164 "http://localhost:8000/" "Mozilla/5.0 (Windows NT 10.0; Win64; x64) AppleWebKit/537.36 (KHTML, like Gecko) Chrome/102.0.5005.63 Safari/537.36"
::1 - - [04/Jun/2022:12:17:12 +0000] "GET / HTTP/1.1" 304 - "http://localhost:8000/users/sign-in" "Mozilla/5.0 (Windows NT 10.0; Win64; x64) AppleWebKit/537.36 (KHTML, like Gecko) Chrome/102.0.5005.63 Safari/537.36"
::1 - - [04/Jun/2022:12:17:12 +0000] "GET /css/layout-f5f14c3c9e.css HTTP/1.1" 404 164 "http://localhost:8000/" "Mozilla/5.0 (Windows NT 10.0; Win64; x64) AppleWebKit/537.36 (KHTML, like Gecko) Chrome/102.0.5005.63 Safari/537.36"
::1 - - [04/Jun/2022:12:17:59 +0000] "GET / HTTP/1.1" 200 9169 "http://localhost:8000/users/sign-in" "Mozilla/5.0 (Windows NT 10.0; Win64; x64) AppleWebKit/537.36 (KHTML, like Gecko) Chrome/102.0.5005.63 Safari/537.36"
::1 - - [04/Jun/2022:12:17:59 +0000] "GET /css/layout-f5f14c3c9e.css HTTP/1.1" 404 164 "http://localhost:8000/" "Mozilla/5.0 (Windows NT 10.0; Win64; x64) AppleWebKit/537.36 (KHTML, like Gecko) Chrome/102.0.5005.63 Safari/537.36"
::1 - - [04/Jun/2022:12:18:06 +0000] "GET / HTTP/1.1" 304 - "http://localhost:8000/users/sign-in" "Mozilla/5.0 (Windows NT 10.0; Win64; x64) AppleWebKit/537.36 (KHTML, like Gecko) Chrome/102.0.5005.63 Safari/537.36"
::1 - - [04/Jun/2022:12:18:06 +0000] "GET /css/layout-f5f14c3c9e.css HTTP/1.1" 404 164 "http://localhost:8000/" "Mozilla/5.0 (Windows NT 10.0; Win64; x64) AppleWebKit/537.36 (KHTML, like Gecko) Chrome/102.0.5005.63 Safari/537.36"
::1 - - [04/Jun/2022:12:18:49 +0000] "GET / HTTP/1.1" 200 9168 "http://localhost:8000/users/sign-in" "Mozilla/5.0 (Windows NT 10.0; Win64; x64) AppleWebKit/537.36 (KHTML, like Gecko) Chrome/102.0.5005.63 Safari/537.36"
::1 - - [04/Jun/2022:12:18:50 +0000] "GET /css/layout-f5f14c3c9e.css HTTP/1.1" 404 164 "http://localhost:8000/" "Mozilla/5.0 (Windows NT 10.0; Win64; x64) AppleWebKit/537.36 (KHTML, like Gecko) Chrome/102.0.5005.63 Safari/537.36"
::1 - - [04/Jun/2022:12:18:52 +0000] "GET / HTTP/1.1" 304 - "http://localhost:8000/users/sign-in" "Mozilla/5.0 (Windows NT 10.0; Win64; x64) AppleWebKit/537.36 (KHTML, like Gecko) Chrome/102.0.5005.63 Safari/537.36"
::1 - - [04/Jun/2022:12:18:52 +0000] "GET /css/layout-f5f14c3c9e.css HTTP/1.1" 404 164 "http://localhost:8000/" "Mozilla/5.0 (Windows NT 10.0; Win64; x64) AppleWebKit/537.36 (KHTML, like Gecko) Chrome/102.0.5005.63 Safari/537.36"
[0mGET / [32m200[0m 252.545 ms - 2132[0m
[0mGET /users/sign-in [32m200[0m 27.044 ms - 2252[0m
[0mGET /users/css/layout.css [33m404[0m 47.688 ms - 159[0m
[0mPOST /users/create-session [36m302[0m 19.621 ms - 46[0m
[0mGET / [32m200[0m 82.557 ms - 17171[0m
::1 - - [04/Jun/2022:12:23:19 +0000] "GET / HTTP/1.1" 200 2166 "http://localhost:8000/users/sign-in" "Mozilla/5.0 (Windows NT 10.0; Win64; x64) AppleWebKit/537.36 (KHTML, like Gecko) Chrome/102.0.5005.63 Safari/537.36"
::1 - - [04/Jun/2022:12:23:19 +0000] "GET /css/layout-f5f14c3c9e.css HTTP/1.1" 404 164 "http://localhost:8000/" "Mozilla/5.0 (Windows NT 10.0; Win64; x64) AppleWebKit/537.36 (KHTML, like Gecko) Chrome/102.0.5005.63 Safari/537.36"
::1 - - [04/Jun/2022:12:23:19 +0000] "GET /css/header-12e036bc1c.css HTTP/1.1" 404 164 "http://localhost:8000/" "Mozilla/5.0 (Windows NT 10.0; Win64; x64) AppleWebKit/537.36 (KHTML, like Gecko) Chrome/102.0.5005.63 Safari/537.36"
::1 - - [04/Jun/2022:12:23:19 +0000] "GET /css/footer-8555f9360a.css HTTP/1.1" 404 164 "http://localhost:8000/" "Mozilla/5.0 (Windows NT 10.0; Win64; x64) AppleWebKit/537.36 (KHTML, like Gecko) Chrome/102.0.5005.63 Safari/537.36"
::1 - - [04/Jun/2022:12:23:28 +0000] "GET / HTTP/1.1" 304 - "http://localhost:8000/users/sign-in" "Mozilla/5.0 (Windows NT 10.0; Win64; x64) AppleWebKit/537.36 (KHTML, like Gecko) Chrome/102.0.5005.63 Safari/537.36"
::1 - - [04/Jun/2022:12:23:28 +0000] "GET /css/layout-f5f14c3c9e.css HTTP/1.1" 404 164 "http://localhost:8000/" "Mozilla/5.0 (Windows NT 10.0; Win64; x64) AppleWebKit/537.36 (KHTML, like Gecko) Chrome/102.0.5005.63 Safari/537.36"
::1 - - [04/Jun/2022:12:23:28 +0000] "GET /css/header-12e036bc1c.css HTTP/1.1" 404 164 "http://localhost:8000/" "Mozilla/5.0 (Windows NT 10.0; Win64; x64) AppleWebKit/537.36 (KHTML, like Gecko) Chrome/102.0.5005.63 Safari/537.36"
::1 - - [04/Jun/2022:12:23:28 +0000] "GET /css/footer-8555f9360a.css HTTP/1.1" 404 164 "http://localhost:8000/" "Mozilla/5.0 (Windows NT 10.0; Win64; x64) AppleWebKit/537.36 (KHTML, like Gecko) Chrome/102.0.5005.63 Safari/537.36"
::1 - - [04/Jun/2022:12:23:30 +0000] "GET /users/sign-in HTTP/1.1" 200 2286 "http://localhost:8000/" "Mozilla/5.0 (Windows NT 10.0; Win64; x64) AppleWebKit/537.36 (KHTML, like Gecko) Chrome/102.0.5005.63 Safari/537.36"
::1 - - [04/Jun/2022:12:23:30 +0000] "GET /css/layout-f5f14c3c9e.css HTTP/1.1" 404 164 "http://localhost:8000/users/sign-in" "Mozilla/5.0 (Windows NT 10.0; Win64; x64) AppleWebKit/537.36 (KHTML, like Gecko) Chrome/102.0.5005.63 Safari/537.36"
::1 - - [04/Jun/2022:12:23:30 +0000] "GET /css/footer-8555f9360a.css HTTP/1.1" 404 164 "http://localhost:8000/users/sign-in" "Mozilla/5.0 (Windows NT 10.0; Win64; x64) AppleWebKit/537.36 (KHTML, like Gecko) Chrome/102.0.5005.63 Safari/537.36"
::1 - - [04/Jun/2022:12:23:30 +0000] "GET /css/header-12e036bc1c.css HTTP/1.1" 404 164 "http://localhost:8000/users/sign-in" "Mozilla/5.0 (Windows NT 10.0; Win64; x64) AppleWebKit/537.36 (KHTML, like Gecko) Chrome/102.0.5005.63 Safari/537.36"
::1 - - [04/Jun/2022:12:23:38 +0000] "POST /users/create-session HTTP/1.1" 302 46 "http://localhost:8000/users/sign-in" "Mozilla/5.0 (Windows NT 10.0; Win64; x64) AppleWebKit/537.36 (KHTML, like Gecko) Chrome/102.0.5005.63 Safari/537.36"
::1 - - [04/Jun/2022:12:23:38 +0000] "GET / HTTP/1.1" 200 9458 "http://localhost:8000/users/sign-in" "Mozilla/5.0 (Windows NT 10.0; Win64; x64) AppleWebKit/537.36 (KHTML, like Gecko) Chrome/102.0.5005.63 Safari/537.36"
::1 - - [04/Jun/2022:12:23:38 +0000] "GET /css/layout-f5f14c3c9e.css HTTP/1.1" 404 164 "http://localhost:8000/" "Mozilla/5.0 (Windows NT 10.0; Win64; x64) AppleWebKit/537.36 (KHTML, like Gecko) Chrome/102.0.5005.63 Safari/537.36"
::1 - - [04/Jun/2022:12:23:38 +0000] "GET /css/header-12e036bc1c.css HTTP/1.1" 404 164 "http://localhost:8000/" "Mozilla/5.0 (Windows NT 10.0; Win64; x64) AppleWebKit/537.36 (KHTML, like Gecko) Chrome/102.0.5005.63 Safari/537.36"
::1 - - [04/Jun/2022:12:23:38 +0000] "GET /css/footer-8555f9360a.css HTTP/1.1" 404 164 "http://localhost:8000/" "Mozilla/5.0 (Windows NT 10.0; Win64; x64) AppleWebKit/537.36 (KHTML, like Gecko) Chrome/102.0.5005.63 Safari/537.36"
::1 - - [04/Jun/2022:12:27:09 +0000] "GET / HTTP/1.1" 200 9194 "http://localhost:8000/users/sign-in" "Mozilla/5.0 (Windows NT 10.0; Win64; x64) AppleWebKit/537.36 (KHTML, like Gecko) Chrome/102.0.5005.63 Safari/537.36"
::1 - - [04/Jun/2022:12:27:09 +0000] "GET /css/layout-f5f14c3c9e.css HTTP/1.1" 404 164 "http://localhost:8000/" "Mozilla/5.0 (Windows NT 10.0; Win64; x64) AppleWebKit/537.36 (KHTML, like Gecko) Chrome/102.0.5005.63 Safari/537.36"
::1 - - [04/Jun/2022:12:27:09 +0000] "GET /css/header-12e036bc1c.css HTTP/1.1" 404 164 "http://localhost:8000/" "Mozilla/5.0 (Windows NT 10.0; Win64; x64) AppleWebKit/537.36 (KHTML, like Gecko) Chrome/102.0.5005.63 Safari/537.36"
::1 - - [04/Jun/2022:12:27:09 +0000] "GET /css/footer-8555f9360a.css HTTP/1.1" 404 164 "http://localhost:8000/" "Mozilla/5.0 (Windows NT 10.0; Win64; x64) AppleWebKit/537.36 (KHTML, like Gecko) Chrome/102.0.5005.63 Safari/537.36"
::1 - - [04/Jun/2022:12:27:09 +0000] "GET /css/feed-posts-26a91a9629.css HTTP/1.1" 404 168 "http://localhost:8000/" "Mozilla/5.0 (Windows NT 10.0; Win64; x64) AppleWebKit/537.36 (KHTML, like Gecko) Chrome/102.0.5005.63 Safari/537.36"
::1 - - [04/Jun/2022:12:27:09 +0000] "GET /undefined HTTP/1.1" 404 148 "http://localhost:8000/" "Mozilla/5.0 (Windows NT 10.0; Win64; x64) AppleWebKit/537.36 (KHTML, like Gecko) Chrome/102.0.5005.63 Safari/537.36"
::1 - - [04/Jun/2022:12:28:03 +0000] "GET / HTTP/1.1" 200 9186 "http://localhost:8000/users/sign-in" "Mozilla/5.0 (Windows NT 10.0; Win64; x64) AppleWebKit/537.36 (KHTML, like Gecko) Chrome/102.0.5005.63 Safari/537.36"
::1 - - [04/Jun/2022:12:28:03 +0000] "GET /css/layout-f5f14c3c9e.css HTTP/1.1" 404 164 "http://localhost:8000/" "Mozilla/5.0 (Windows NT 10.0; Win64; x64) AppleWebKit/537.36 (KHTML, like Gecko) Chrome/102.0.5005.63 Safari/537.36"
::1 - - [04/Jun/2022:12:28:03 +0000] "GET /css/header-12e036bc1c.css HTTP/1.1" 404 164 "http://localhost:8000/" "Mozilla/5.0 (Windows NT 10.0; Win64; x64) AppleWebKit/537.36 (KHTML, like Gecko) Chrome/102.0.5005.63 Safari/537.36"
::1 - - [04/Jun/2022:12:28:03 +0000] "GET /css/feed-posts-26a91a9629.css HTTP/1.1" 404 168 "http://localhost:8000/" "Mozilla/5.0 (Windows NT 10.0; Win64; x64) AppleWebKit/537.36 (KHTML, like Gecko) Chrome/102.0.5005.63 Safari/537.36"
::1 - - [04/Jun/2022:12:28:03 +0000] "GET /css/footer-8555f9360a.css HTTP/1.1" 404 164 "http://localhost:8000/" "Mozilla/5.0 (Windows NT 10.0; Win64; x64) AppleWebKit/537.36 (KHTML, like Gecko) Chrome/102.0.5005.63 Safari/537.36"
::1 - - [04/Jun/2022:12:28:03 +0000] "GET /undefined HTTP/1.1" 404 148 "http://localhost:8000/" "Mozilla/5.0 (Windows NT 10.0; Win64; x64) AppleWebKit/537.36 (KHTML, like Gecko) Chrome/102.0.5005.63 Safari/537.36"
::1 - - [04/Jun/2022:12:28:03 +0000] "GET /undefined HTTP/1.1" 404 148 "http://localhost:8000/" "Mozilla/5.0 (Windows NT 10.0; Win64; x64) AppleWebKit/537.36 (KHTML, like Gecko) Chrome/102.0.5005.63 Safari/537.36"
::1 - - [04/Jun/2022:12:29:25 +0000] "GET /users/profile/629b0d682a13c46e68c10c75 HTTP/1.1" 200 2861 "http://localhost:8000/" "Mozilla/5.0 (Windows NT 10.0; Win64; x64) AppleWebKit/537.36 (KHTML, like Gecko) Chrome/102.0.5005.63 Safari/537.36"
::1 - - [04/Jun/2022:12:29:25 +0000] "GET /css/layout-f5f14c3c9e.css HTTP/1.1" 404 164 "http://localhost:8000/users/profile/629b0d682a13c46e68c10c75" "Mozilla/5.0 (Windows NT 10.0; Win64; x64) AppleWebKit/537.36 (KHTML, like Gecko) Chrome/102.0.5005.63 Safari/537.36"
::1 - - [04/Jun/2022:12:29:25 +0000] "GET /css/header-12e036bc1c.css HTTP/1.1" 404 164 "http://localhost:8000/users/profile/629b0d682a13c46e68c10c75" "Mozilla/5.0 (Windows NT 10.0; Win64; x64) AppleWebKit/537.36 (KHTML, like Gecko) Chrome/102.0.5005.63 Safari/537.36"
::1 - - [04/Jun/2022:12:29:25 +0000] "GET /css/footer-8555f9360a.css HTTP/1.1" 404 164 "http://localhost:8000/users/profile/629b0d682a13c46e68c10c75" "Mozilla/5.0 (Windows NT 10.0; Win64; x64) AppleWebKit/537.36 (KHTML, like Gecko) Chrome/102.0.5005.63 Safari/537.36"
::1 - - [04/Jun/2022:12:30:01 +0000] "GET /users/profile/629b0d682a13c46e68c10c75 HTTP/1.1" 500 1862 "http://localhost:8000/" "Mozilla/5.0 (Windows NT 10.0; Win64; x64) AppleWebKit/537.36 (KHTML, like Gecko) Chrome/102.0.5005.63 Safari/537.36"
::1 - - [04/Jun/2022:12:30:35 +0000] "GET / HTTP/1.1" 304 - "http://localhost:8000/users/sign-in" "Mozilla/5.0 (Windows NT 10.0; Win64; x64) AppleWebKit/537.36 (KHTML, like Gecko) Chrome/102.0.5005.63 Safari/537.36"
::1 - - [04/Jun/2022:12:30:35 +0000] "GET /css/layout-f5f14c3c9e.css HTTP/1.1" 404 164 "http://localhost:8000/" "Mozilla/5.0 (Windows NT 10.0; Win64; x64) AppleWebKit/537.36 (KHTML, like Gecko) Chrome/102.0.5005.63 Safari/537.36"
::1 - - [04/Jun/2022:12:30:35 +0000] "GET /css/header-12e036bc1c.css HTTP/1.1" 404 164 "http://localhost:8000/" "Mozilla/5.0 (Windows NT 10.0; Win64; x64) AppleWebKit/537.36 (KHTML, like Gecko) Chrome/102.0.5005.63 Safari/537.36"
::1 - - [04/Jun/2022:12:30:35 +0000] "GET /css/feed-posts-26a91a9629.css HTTP/1.1" 404 168 "http://localhost:8000/" "Mozilla/5.0 (Windows NT 10.0; Win64; x64) AppleWebKit/537.36 (KHTML, like Gecko) Chrome/102.0.5005.63 Safari/537.36"
::1 - - [04/Jun/2022:12:30:35 +0000] "GET /css/footer-8555f9360a.css HTTP/1.1" 404 164 "http://localhost:8000/" "Mozilla/5.0 (Windows NT 10.0; Win64; x64) AppleWebKit/537.36 (KHTML, like Gecko) Chrome/102.0.5005.63 Safari/537.36"
::1 - - [04/Jun/2022:12:30:35 +0000] "GET /undefined HTTP/1.1" 404 148 "http://localhost:8000/" "Mozilla/5.0 (Windows NT 10.0; Win64; x64) AppleWebKit/537.36 (KHTML, like Gecko) Chrome/102.0.5005.63 Safari/537.36"
::1 - - [04/Jun/2022:12:30:35 +0000] "GET /undefined HTTP/1.1" 404 148 "http://localhost:8000/" "Mozilla/5.0 (Windows NT 10.0; Win64; x64) AppleWebKit/537.36 (KHTML, like Gecko) Chrome/102.0.5005.63 Safari/537.36"
::1 - - [04/Jun/2022:12:30:37 +0000] "GET /users/profile/629b0d682a13c46e68c10c75 HTTP/1.1" 200 2872 "http://localhost:8000/" "Mozilla/5.0 (Windows NT 10.0; Win64; x64) AppleWebKit/537.36 (KHTML, like Gecko) Chrome/102.0.5005.63 Safari/537.36"
::1 - - [04/Jun/2022:12:30:37 +0000] "GET /css/layout-f5f14c3c9e.css HTTP/1.1" 404 164 "http://localhost:8000/users/profile/629b0d682a13c46e68c10c75" "Mozilla/5.0 (Windows NT 10.0; Win64; x64) AppleWebKit/537.36 (KHTML, like Gecko) Chrome/102.0.5005.63 Safari/537.36"
::1 - - [04/Jun/2022:12:30:37 +0000] "GET /css/header-12e036bc1c.css HTTP/1.1" 404 164 "http://localhost:8000/users/profile/629b0d682a13c46e68c10c75" "Mozilla/5.0 (Windows NT 10.0; Win64; x64) AppleWebKit/537.36 (KHTML, like Gecko) Chrome/102.0.5005.63 Safari/537.36"
::1 - - [04/Jun/2022:12:30:37 +0000] "GET /css/user_profile-f0100823b1.css HTTP/1.1" 404 170 "http://localhost:8000/users/profile/629b0d682a13c46e68c10c75" "Mozilla/5.0 (Windows NT 10.0; Win64; x64) AppleWebKit/537.36 (KHTML, like Gecko) Chrome/102.0.5005.63 Safari/537.36"
::1 - - [04/Jun/2022:12:30:37 +0000] "GET /css/footer-8555f9360a.css HTTP/1.1" 404 164 "http://localhost:8000/users/profile/629b0d682a13c46e68c10c75" "Mozilla/5.0 (Windows NT 10.0; Win64; x64) AppleWebKit/537.36 (KHTML, like Gecko) Chrome/102.0.5005.63 Safari/537.36"
::1 - - [04/Jun/2022:12:34:19 +0000] "GET /users/profile/629b0d682a13c46e68c10c75 HTTP/1.1" 304 - "http://localhost:8000/" "Mozilla/5.0 (Windows NT 10.0; Win64; x64) AppleWebKit/537.36 (KHTML, like Gecko) Chrome/102.0.5005.63 Safari/537.36"
::1 - - [04/Jun/2022:12:34:19 +0000] "GET /css/layout-f5f14c3c9e.css HTTP/1.1" 404 164 "http://localhost:8000/users/profile/629b0d682a13c46e68c10c75" "Mozilla/5.0 (Windows NT 10.0; Win64; x64) AppleWebKit/537.36 (KHTML, like Gecko) Chrome/102.0.5005.63 Safari/537.36"
::1 - - [04/Jun/2022:12:34:19 +0000] "GET /css/header-12e036bc1c.css HTTP/1.1" 404 164 "http://localhost:8000/users/profile/629b0d682a13c46e68c10c75" "Mozilla/5.0 (Windows NT 10.0; Win64; x64) AppleWebKit/537.36 (KHTML, like Gecko) Chrome/102.0.5005.63 Safari/537.36"
::1 - - [04/Jun/2022:12:34:19 +0000] "GET /css/user_profile-f0100823b1.css HTTP/1.1" 404 170 "http://localhost:8000/users/profile/629b0d682a13c46e68c10c75" "Mozilla/5.0 (Windows NT 10.0; Win64; x64) AppleWebKit/537.36 (KHTML, like Gecko) Chrome/102.0.5005.63 Safari/537.36"
::1 - - [04/Jun/2022:12:34:19 +0000] "GET /css/footer-8555f9360a.css HTTP/1.1" 404 164 "http://localhost:8000/users/profile/629b0d682a13c46e68c10c75" "Mozilla/5.0 (Windows NT 10.0; Win64; x64) AppleWebKit/537.36 (KHTML, like Gecko) Chrome/102.0.5005.63 Safari/537.36"
::1 - - [04/Jun/2022:12:34:23 +0000] "GET /users/profile/629b0d682a13c46e68c10c75 HTTP/1.1" 304 - "http://localhost:8000/" "Mozilla/5.0 (Windows NT 10.0; Win64; x64) AppleWebKit/537.36 (KHTML, like Gecko) Chrome/102.0.5005.63 Safari/537.36"
::1 - - [04/Jun/2022:12:34:23 +0000] "GET /css/layout-f5f14c3c9e.css HTTP/1.1" 404 164 "http://localhost:8000/users/profile/629b0d682a13c46e68c10c75" "Mozilla/5.0 (Windows NT 10.0; Win64; x64) AppleWebKit/537.36 (KHTML, like Gecko) Chrome/102.0.5005.63 Safari/537.36"
::1 - - [04/Jun/2022:12:34:23 +0000] "GET /css/header-12e036bc1c.css HTTP/1.1" 404 164 "http://localhost:8000/users/profile/629b0d682a13c46e68c10c75" "Mozilla/5.0 (Windows NT 10.0; Win64; x64) AppleWebKit/537.36 (KHTML, like Gecko) Chrome/102.0.5005.63 Safari/537.36"
::1 - - [04/Jun/2022:12:34:23 +0000] "GET /css/footer-8555f9360a.css HTTP/1.1" 404 164 "http://localhost:8000/users/profile/629b0d682a13c46e68c10c75" "Mozilla/5.0 (Windows NT 10.0; Win64; x64) AppleWebKit/537.36 (KHTML, like Gecko) Chrome/102.0.5005.63 Safari/537.36"
::1 - - [04/Jun/2022:12:34:23 +0000] "GET /css/user_profile-f0100823b1.css HTTP/1.1" 404 170 "http://localhost:8000/users/profile/629b0d682a13c46e68c10c75" "Mozilla/5.0 (Windows NT 10.0; Win64; x64) AppleWebKit/537.36 (KHTML, like Gecko) Chrome/102.0.5005.63 Safari/537.36"
::1 - - [04/Jun/2022:12:34:42 +0000] "GET /users/profile/629b0d682a13c46e68c10c75 HTTP/1.1" 200 2861 "http://localhost:8000/" "Mozilla/5.0 (Windows NT 10.0; Win64; x64) AppleWebKit/537.36 (KHTML, like Gecko) Chrome/102.0.5005.63 Safari/537.36"
::1 - - [04/Jun/2022:12:34:42 +0000] "GET /css/layout-f5f14c3c9e.css HTTP/1.1" 404 164 "http://localhost:8000/users/profile/629b0d682a13c46e68c10c75" "Mozilla/5.0 (Windows NT 10.0; Win64; x64) AppleWebKit/537.36 (KHTML, like Gecko) Chrome/102.0.5005.63 Safari/537.36"
::1 - - [04/Jun/2022:12:34:42 +0000] "GET /css/header-12e036bc1c.css HTTP/1.1" 404 164 "http://localhost:8000/users/profile/629b0d682a13c46e68c10c75" "Mozilla/5.0 (Windows NT 10.0; Win64; x64) AppleWebKit/537.36 (KHTML, like Gecko) Chrome/102.0.5005.63 Safari/537.36"
::1 - - [04/Jun/2022:12:34:42 +0000] "GET /css/footer-8555f9360a.css HTTP/1.1" 404 164 "http://localhost:8000/users/profile/629b0d682a13c46e68c10c75" "Mozilla/5.0 (Windows NT 10.0; Win64; x64) AppleWebKit/537.36 (KHTML, like Gecko) Chrome/102.0.5005.63 Safari/537.36"
::1 - - [04/Jun/2022:12:35:03 +0000] "GET /users/profile/629b0d682a13c46e68c10c75 HTTP/1.1" 304 - "http://localhost:8000/" "Mozilla/5.0 (Windows NT 10.0; Win64; x64) AppleWebKit/537.36 (KHTML, like Gecko) Chrome/102.0.5005.63 Safari/537.36"
::1 - - [04/Jun/2022:12:35:03 +0000] "GET /css/layout-f5f14c3c9e.css HTTP/1.1" 404 164 "http://localhost:8000/users/profile/629b0d682a13c46e68c10c75" "Mozilla/5.0 (Windows NT 10.0; Win64; x64) AppleWebKit/537.36 (KHTML, like Gecko) Chrome/102.0.5005.63 Safari/537.36"
::1 - - [04/Jun/2022:12:35:03 +0000] "GET /css/header-12e036bc1c.css HTTP/1.1" 404 164 "http://localhost:8000/users/profile/629b0d682a13c46e68c10c75" "Mozilla/5.0 (Windows NT 10.0; Win64; x64) AppleWebKit/537.36 (KHTML, like Gecko) Chrome/102.0.5005.63 Safari/537.36"
::1 - - [04/Jun/2022:12:35:03 +0000] "GET /css/footer-8555f9360a.css HTTP/1.1" 404 164 "http://localhost:8000/users/profile/629b0d682a13c46e68c10c75" "Mozilla/5.0 (Windows NT 10.0; Win64; x64) AppleWebKit/537.36 (KHTML, like Gecko) Chrome/102.0.5005.63 Safari/537.36"
::1 - - [04/Jun/2022:12:35:40 +0000] "GET /users/profile/629b0d682a13c46e68c10c75 HTTP/1.1" 200 2828 "http://localhost:8000/" "Mozilla/5.0 (Windows NT 10.0; Win64; x64) AppleWebKit/537.36 (KHTML, like Gecko) Chrome/102.0.5005.63 Safari/537.36"
::1 - - [04/Jun/2022:12:35:43 +0000] "GET / HTTP/1.1" 200 9158 "http://localhost:8000/users/profile/629b0d682a13c46e68c10c75" "Mozilla/5.0 (Windows NT 10.0; Win64; x64) AppleWebKit/537.36 (KHTML, like Gecko) Chrome/102.0.5005.63 Safari/537.36"
::1 - - [04/Jun/2022:12:37:06 +0000] "GET / HTTP/1.1" 304 - "http://localhost:8000/users/profile/629b0d682a13c46e68c10c75" "Mozilla/5.0 (Windows NT 10.0; Win64; x64) AppleWebKit/537.36 (KHTML, like Gecko) Chrome/102.0.5005.63 Safari/537.36"
::1 - - [04/Jun/2022:12:37:21 +0000] "POST /posts/create HTTP/1.1" 302 88 "http://localhost:8000/" "Mozilla/5.0 (Windows NT 10.0; Win64; x64) AppleWebKit/537.36 (KHTML, like Gecko) Chrome/102.0.5005.63 Safari/537.36"
::1 - - [04/Jun/2022:12:37:21 +0000] "GET / HTTP/1.1" 200 11332 "http://localhost:8000/" "Mozilla/5.0 (Windows NT 10.0; Win64; x64) AppleWebKit/537.36 (KHTML, like Gecko) Chrome/102.0.5005.63 Safari/537.36"
::1 - - [04/Jun/2022:12:37:31 +0000] "POST /likes/toggle/?id=629b52011eca5f989262b862&type=Post HTTP/1.1" 200 58 "http://localhost:8000/" "Mozilla/5.0 (Windows NT 10.0; Win64; x64) AppleWebKit/537.36 (KHTML, like Gecko) Chrome/102.0.5005.63 Safari/537.36"
::1 - - [04/Jun/2022:12:37:34 +0000] "POST /comments/create HTTP/1.1" 302 46 "http://localhost:8000/" "Mozilla/5.0 (Windows NT 10.0; Win64; x64) AppleWebKit/537.36 (KHTML, like Gecko) Chrome/102.0.5005.63 Safari/537.36"
::1 - - [04/Jun/2022:12:37:34 +0000] "GET / HTTP/1.1" 200 12101 "http://localhost:8000/" "Mozilla/5.0 (Windows NT 10.0; Win64; x64) AppleWebKit/537.36 (KHTML, like Gecko) Chrome/102.0.5005.63 Safari/537.36"
::1 - - [04/Jun/2022:12:37:38 +0000] "GET /users/profile/629b0d682a13c46e68c10c75 HTTP/1.1" 304 - "http://localhost:8000/" "Mozilla/5.0 (Windows NT 10.0; Win64; x64) AppleWebKit/537.36 (KHTML, like Gecko) Chrome/102.0.5005.63 Safari/537.36"
::1 - - [04/Jun/2022:12:37:41 +0000] "GET / HTTP/1.1" 200 11838 "http://localhost:8000/users/profile/629b0d682a13c46e68c10c75" "Mozilla/5.0 (Windows NT 10.0; Win64; x64) AppleWebKit/537.36 (KHTML, like Gecko) Chrome/102.0.5005.63 Safari/537.36"
::1 - - [04/Jun/2022:12:37:43 +0000] "GET /users/profile/629b0d682a13c46e68c10c75 HTTP/1.1" 304 - "http://localhost:8000/" "Mozilla/5.0 (Windows NT 10.0; Win64; x64) AppleWebKit/537.36 (KHTML, like Gecko) Chrome/102.0.5005.63 Safari/537.36"
::1 - - [04/Jun/2022:12:37:45 +0000] "GET / HTTP/1.1" 304 - "http://localhost:8000/users/profile/629b0d682a13c46e68c10c75" "Mozilla/5.0 (Windows NT 10.0; Win64; x64) AppleWebKit/537.36 (KHTML, like Gecko) Chrome/102.0.5005.63 Safari/537.36"
::1 - - [04/Jun/2022:12:37:48 +0000] "GET /posts/destroy/629b52011eca5f989262b862 HTTP/1.1" 302 88 "http://localhost:8000/" "Mozilla/5.0 (Windows NT 10.0; Win64; x64) AppleWebKit/537.36 (KHTML, like Gecko) Chrome/102.0.5005.63 Safari/537.36"
::1 - - [04/Jun/2022:12:37:48 +0000] "GET / HTTP/1.1" 200 9416 "http://localhost:8000/" "Mozilla/5.0 (Windows NT 10.0; Win64; x64) AppleWebKit/537.36 (KHTML, like Gecko) Chrome/102.0.5005.63 Safari/537.36"
::1 - - [04/Jun/2022:12:37:53 +0000] "GET /users/profile/629b0d682a13c46e68c10c75 HTTP/1.1" 304 - "http://localhost:8000/" "Mozilla/5.0 (Windows NT 10.0; Win64; x64) AppleWebKit/537.36 (KHTML, like Gecko) Chrome/102.0.5005.63 Safari/537.36"
::1 - - [04/Jun/2022:12:37:55 +0000] "GET / HTTP/1.1" 200 9158 "http://localhost:8000/users/profile/629b0d682a13c46e68c10c75" "Mozilla/5.0 (Windows NT 10.0; Win64; x64) AppleWebKit/537.36 (KHTML, like Gecko) Chrome/102.0.5005.63 Safari/537.36"
::1 - - [04/Jun/2022:12:38:08 +0000] "GET / HTTP/1.1" 304 - "http://localhost:8000/users/profile/629b0d682a13c46e68c10c75" "Mozilla/5.0 (Windows NT 10.0; Win64; x64) AppleWebKit/537.36 (KHTML, like Gecko) Chrome/102.0.5005.63 Safari/537.36"
